#                                                               --- full sequence ---- --- best 1 domain ---- --- domain number estimation ----
# target name        accession  query name           accession    E-value  score  bias   E-value  score  bias   exp reg clu  ov env dom rep inc description of target
#------------------- ---------- -------------------- ---------- --------- ------ ----- --------- ------ -----   --- --- --- --- --- --- --- --- ---------------------
UBA4524_00765        -          napA                 -           4.2e-247  830.4   0.1  5.1e-247  830.1   0.1   1.1   1   0   0   1   1   1   1 Periplasmic nitrate reductase
UBA7840_02179        -          napA                 -             6e-247  829.9   0.1  7.1e-247  829.6   0.1   1.1   1   0   0   1   1   1   1 Periplasmic nitrate reductase
UBA2767_03070        -          napA                 -           7.7e-247  829.5   0.0  9.3e-247  829.2   0.0   1.1   1   0   0   1   1   1   1 Periplasmic nitrate reductase
UBA7359_01876        -          napA                 -           9.5e-247  829.2   0.0  1.2e-246  828.9   0.0   1.1   1   0   0   1   1   1   1 Periplasmic nitrate reductase
UBA973_02185         -          napA                 -           9.5e-247  829.2   0.0  1.2e-246  828.9   0.0   1.1   1   0   0   1   1   1   1 Periplasmic nitrate reductase
UBA1287_01796        -          napA                 -           1.6e-246  828.5   0.0  1.9e-246  828.2   0.0   1.1   1   0   0   1   1   1   1 Periplasmic nitrate reductase
UBA3605_03025        -          napA                 -           1.8e-246  828.3   0.0  2.2e-246  828.0   0.0   1.1   1   0   0   1   1   1   1 Periplasmic nitrate reductase
UBA5095_01580        -          napA                 -           1.8e-246  828.3   0.0  2.2e-246  828.0   0.0   1.1   1   0   0   1   1   1   1 Periplasmic nitrate reductase
UBA5110_01417        -          napA                 -           1.8e-246  828.3   0.0  2.2e-246  828.0   0.0   1.1   1   0   0   1   1   1   1 Periplasmic nitrate reductase
UBA4491_03603        -          napA                 -           8.6e-246  826.0   0.0  1.1e-245  825.7   0.0   1.1   1   0   0   1   1   1   1 Periplasmic nitrate reductase
UBA7528_04017        -          napA                 -           4.2e-245  823.8   0.1  5.2e-245  823.5   0.1   1.1   1   0   0   1   1   1   1 Periplasmic nitrate reductase
UBA677_03424         -          napA                 -           4.7e-245  823.6   0.1  6.6e-245  823.1   0.1   1.2   1   0   0   1   1   1   1 Periplasmic nitrate reductase
UBA7619_00229        -          napA                 -           5.6e-245  823.4   0.0  6.8e-245  823.1   0.0   1.1   1   0   0   1   1   1   1 Periplasmic nitrate reductase
UBA4198_03225        -          napA                 -           5.9e-245  823.3   0.0  7.1e-245  823.0   0.0   1.1   1   0   0   1   1   1   1 Periplasmic nitrate reductase
UBA3444_00302        -          napA                 -           7.5e-245  822.9   0.0    9e-245  822.7   0.0   1.1   1   0   0   1   1   1   1 Periplasmic nitrate reductase
UBA1051_02996        -          napA                 -           1.4e-244  822.1   0.0  1.6e-244  821.8   0.0   1.0   1   0   0   1   1   1   1 Periplasmic nitrate reductase
UBA7462_00731        -          napA                 -           1.4e-244  822.1   0.0  1.6e-244  821.8   0.0   1.0   1   0   0   1   1   1   1 Periplasmic nitrate reductase
UBA7624_01793        -          napA                 -           1.4e-244  822.1   0.0  1.6e-244  821.8   0.0   1.0   1   0   0   1   1   1   1 Periplasmic nitrate reductase
UBA3331_00542        -          napA                 -           1.4e-244  822.1   0.0  1.6e-244  821.8   0.0   1.0   1   0   0   1   1   1   1 Periplasmic nitrate reductase
UBA3518_00276        -          napA                 -           1.9e-244  821.6   0.1  2.2e-244  821.4   0.1   1.0   1   0   0   1   1   1   1 Periplasmic nitrate reductase
UBA1872_00210        -          napA                 -           2.5e-244  821.2   0.1    3e-244  821.0   0.1   1.1   1   0   0   1   1   1   1 Periplasmic nitrate reductase
UBA3338_04271        -          napA                 -             3e-244  821.0   0.0  3.5e-244  820.7   0.0   1.0   1   0   0   1   1   1   1 Periplasmic nitrate reductase
UBA989_02642         -          napA                 -             3e-244  821.0   0.0  3.5e-244  820.7   0.0   1.0   1   0   0   1   1   1   1 Periplasmic nitrate reductase
UBA2609_01991        -          napA                 -           3.4e-244  820.8   0.1    4e-244  820.5   0.1   1.1   1   0   0   1   1   1   1 Periplasmic nitrate reductase
UBA1883_01955        -          napA                 -           3.4e-244  820.8   0.0  4.2e-244  820.5   0.0   1.1   1   0   0   1   1   1   1 Periplasmic nitrate reductase
UBA7633_04000        -          napA                 -             4e-244  820.6   0.0  4.7e-244  820.3   0.0   1.1   1   0   0   1   1   1   1 Periplasmic nitrate reductase
UBA7334_02635        -          napA                 -           4.3e-244  820.5   0.0    5e-244  820.2   0.0   1.0   1   0   0   1   1   1   1 Periplasmic nitrate reductase
UBA2010_03700        -          napA                 -           4.9e-244  820.3   0.0  5.9e-244  820.0   0.0   1.1   1   0   0   1   1   1   1 Periplasmic nitrate reductase
UBA2027_04292        -          napA                 -           4.9e-244  820.3   0.0  5.9e-244  820.0   0.0   1.1   1   0   0   1   1   1   1 Periplasmic nitrate reductase
UBA2526_05150        -          napA                 -           4.9e-244  820.3   0.0  5.9e-244  820.0   0.0   1.1   1   0   0   1   1   1   1 Periplasmic nitrate reductase
UBA2534_03398        -          napA                 -           4.9e-244  820.3   0.0  5.9e-244  820.0   0.0   1.1   1   0   0   1   1   1   1 Periplasmic nitrate reductase
UBA2068_00682        -          napA                 -           5.1e-244  820.2   0.0  6.1e-244  819.9   0.0   1.0   1   0   0   1   1   1   1 Periplasmic nitrate reductase
UBA1293_02102        -          napA                 -           5.1e-244  820.2   0.0  6.1e-244  819.9   0.0   1.0   1   0   0   1   1   1   1 Periplasmic nitrate reductase
UBA1802_00646        -          napA                 -           5.1e-244  820.2   0.0  6.1e-244  819.9   0.0   1.0   1   0   0   1   1   1   1 Periplasmic nitrate reductase
UBA1805_03118        -          napA                 -           5.1e-244  820.2   0.0  6.1e-244  819.9   0.0   1.0   1   0   0   1   1   1   1 Periplasmic nitrate reductase
UBA2613_03194        -          napA                 -           5.1e-244  820.2   0.0  6.1e-244  819.9   0.0   1.0   1   0   0   1   1   1   1 Periplasmic nitrate reductase
UBA3233_03690        -          napA                 -           5.1e-244  820.2   0.0  6.1e-244  819.9   0.0   1.0   1   0   0   1   1   1   1 Periplasmic nitrate reductase
UBA3242_02340        -          napA                 -           5.1e-244  820.2   0.0  6.1e-244  819.9   0.0   1.0   1   0   0   1   1   1   1 Periplasmic nitrate reductase
UBA3249_02367        -          napA                 -           5.1e-244  820.2   0.0  6.1e-244  819.9   0.0   1.0   1   0   0   1   1   1   1 Periplasmic nitrate reductase
UBA3874_02594        -          napA                 -           5.1e-244  820.2   0.0  6.1e-244  819.9   0.0   1.0   1   0   0   1   1   1   1 Periplasmic nitrate reductase
UBA5525_02755        -          napA                 -           5.1e-244  820.2   0.0  6.1e-244  819.9   0.0   1.0   1   0   0   1   1   1   1 Periplasmic nitrate reductase
UBA5841_00709        -          napA                 -           5.1e-244  820.2   0.0  6.1e-244  819.9   0.0   1.0   1   0   0   1   1   1   1 Periplasmic nitrate reductase
UBA7504_02644        -          napA                 -           5.1e-244  820.2   0.0  6.1e-244  819.9   0.0   1.0   1   0   0   1   1   1   1 Periplasmic nitrate reductase
UBA7849_01310        -          napA                 -           5.1e-244  820.2   0.0  6.1e-244  819.9   0.0   1.0   1   0   0   1   1   1   1 Periplasmic nitrate reductase
UBA898_03660         -          napA                 -           5.1e-244  820.2   0.0  6.1e-244  819.9   0.0   1.0   1   0   0   1   1   1   1 Periplasmic nitrate reductase
UBA6314_01354        -          napA                 -           5.3e-244  820.2   0.0  6.2e-244  819.9   0.0   1.0   1   0   0   1   1   1   1 Periplasmic nitrate reductase
UBA1012_00546        -          napA                 -           5.4e-244  820.1   0.2  6.5e-244  819.8   0.2   1.1   1   0   0   1   1   1   1 Periplasmic nitrate reductase
UBA6621_02221        -          napA                 -           5.4e-244  820.1   0.2  6.5e-244  819.8   0.2   1.1   1   0   0   1   1   1   1 Periplasmic nitrate reductase
UBA725_02023         -          napA                 -           5.4e-244  820.1   0.2  6.5e-244  819.8   0.2   1.1   1   0   0   1   1   1   1 Periplasmic nitrate reductase
UBA7310_04434        -          napA                 -           5.4e-244  820.1   0.2  6.5e-244  819.8   0.2   1.1   1   0   0   1   1   1   1 Periplasmic nitrate reductase
UBA7796_01261        -          napA                 -           5.4e-244  820.1   0.2  6.5e-244  819.8   0.2   1.1   1   0   0   1   1   1   1 Periplasmic nitrate reductase
UBA855_03473         -          napA                 -           5.4e-244  820.1   0.2  6.5e-244  819.8   0.2   1.1   1   0   0   1   1   1   1 Periplasmic nitrate reductase
UBA2313_02468        -          napA                 -           8.4e-244  819.5   0.1    1e-243  819.2   0.1   1.1   1   0   0   1   1   1   1 Periplasmic nitrate reductase
UBA7250_02553        -          napA                 -           1.1e-243  819.1   0.1  1.3e-243  818.9   0.1   1.0   1   0   0   1   1   1   1 Periplasmic nitrate reductase
UBA2081_03189        -          napA                 -           1.5e-243  818.7   0.1  1.8e-243  818.4   0.1   1.1   1   0   0   1   1   1   1 Periplasmic nitrate reductase
UBA5142_02637        -          napA                 -           1.5e-243  818.7   0.0  1.8e-243  818.4   0.0   1.0   1   0   0   1   1   1   1 Periplasmic nitrate reductase
UBA4534_03472        -          napA                 -           1.5e-243  818.6   0.1  1.8e-243  818.4   0.1   1.1   1   0   0   1   1   1   1 Periplasmic nitrate reductase
UBA6719_01621        -          napA                 -           1.5e-243  818.6   0.1  1.8e-243  818.4   0.1   1.1   1   0   0   1   1   1   1 Periplasmic nitrate reductase
UBA908_05386         -          napA                 -           1.8e-243  818.4   0.0  2.1e-243  818.1   0.0   1.1   1   0   0   1   1   1   1 Periplasmic nitrate reductase
UBA1599_01743        -          napA                 -           1.8e-243  818.4   0.0  2.2e-243  818.1   0.0   1.1   1   0   0   1   1   1   1 Periplasmic nitrate reductase
UBA4556_02737        -          napA                 -           1.8e-243  818.4   0.0  2.2e-243  818.1   0.0   1.1   1   0   0   1   1   1   1 Periplasmic nitrate reductase
UBA6760_02082        -          napA                 -           1.9e-243  818.3   0.0  2.3e-243  818.0   0.0   1.1   1   0   0   1   1   1   1 Periplasmic nitrate reductase
UBA1169_01297        -          napA                 -             2e-243  818.3   0.1  2.4e-243  818.0   0.1   1.1   1   0   0   1   1   1   1 Periplasmic nitrate reductase
UBA1168_02614        -          napA                 -             2e-243  818.3   0.1  2.4e-243  818.0   0.1   1.1   1   0   0   1   1   1   1 Periplasmic nitrate reductase
UBA1896_03190        -          napA                 -             2e-243  818.3   0.1  2.4e-243  818.0   0.1   1.1   1   0   0   1   1   1   1 Periplasmic nitrate reductase
UBA2605_00019        -          napA                 -             2e-243  818.3   0.1  2.4e-243  818.0   0.1   1.1   1   0   0   1   1   1   1 Periplasmic nitrate reductase
UBA3963_00454        -          napA                 -             2e-243  818.3   0.1  2.4e-243  818.0   0.1   1.1   1   0   0   1   1   1   1 Periplasmic nitrate reductase
UBA7627_01529        -          napA                 -             2e-243  818.3   0.1  2.4e-243  818.0   0.1   1.1   1   0   0   1   1   1   1 Periplasmic nitrate reductase
UBA6559_01621        -          napA                 -             2e-243  818.3   0.1  2.4e-243  818.0   0.1   1.1   1   0   0   1   1   1   1 Periplasmic nitrate reductase
UBA1831_02781        -          napA                 -           2.2e-243  818.1   0.0  2.6e-243  817.9   0.0   1.1   1   0   0   1   1   1   1 Periplasmic nitrate reductase
UBA4195_02532        -          napA                 -           2.2e-243  818.1   0.0  2.6e-243  817.9   0.0   1.1   1   0   0   1   1   1   1 Periplasmic nitrate reductase
UBA7349_02068        -          napA                 -           2.2e-243  818.1   0.0  2.6e-243  817.9   0.0   1.1   1   0   0   1   1   1   1 Periplasmic nitrate reductase
UBA805_03811         -          napA                 -           2.4e-243  818.0   0.1    3e-243  817.7   0.1   1.1   1   0   0   1   1   1   1 Periplasmic nitrate reductase
UBA803_00919         -          napA                 -           2.9e-243  817.7   0.1  3.5e-243  817.4   0.1   1.1   1   0   0   1   1   1   1 Periplasmic nitrate reductase
UBA6307_03524        -          napA                 -             3e-243  817.7   0.1  3.7e-243  817.4   0.1   1.1   1   0   0   1   1   1   1 Periplasmic nitrate reductase
UBA6323_02267        -          napA                 -             3e-243  817.7   0.1  3.7e-243  817.4   0.1   1.1   1   0   0   1   1   1   1 Periplasmic nitrate reductase
UBA7516_03227        -          napA                 -           3.1e-243  817.6   0.1  3.7e-243  817.4   0.1   1.1   1   0   0   1   1   1   1 Periplasmic nitrate reductase
UBA2080_02488        -          napA                 -           3.2e-243  817.6   0.0  3.8e-243  817.3   0.0   1.1   1   0   0   1   1   1   1 Periplasmic nitrate reductase
UBA5929_00880        -          napA                 -           4.5e-243  817.1   0.1  5.4e-243  816.8   0.1   1.1   1   0   0   1   1   1   1 Periplasmic nitrate reductase
UBA1893_03011        -          napA                 -           4.5e-243  817.1   0.1  5.5e-243  816.8   0.1   1.1   1   0   0   1   1   1   1 Periplasmic nitrate reductase
UBA1920_03707        -          napA                 -           4.5e-243  817.1   0.1  5.5e-243  816.8   0.1   1.1   1   0   0   1   1   1   1 Periplasmic nitrate reductase
UBA4547_00256        -          napA                 -           4.5e-243  817.1   0.1  5.5e-243  816.8   0.1   1.1   1   0   0   1   1   1   1 Periplasmic nitrate reductase
UBA872_02036         -          napA                 -           4.5e-243  817.1   0.1  5.5e-243  816.8   0.1   1.1   1   0   0   1   1   1   1 Periplasmic nitrate reductase
UBA915_01898         -          napA                 -           4.5e-243  817.1   0.1  5.5e-243  816.8   0.1   1.1   1   0   0   1   1   1   1 Periplasmic nitrate reductase
UBA2115_00284        -          napA                 -           4.6e-243  817.1   0.1  5.5e-243  816.8   0.1   1.1   1   0   0   1   1   1   1 Periplasmic nitrate reductase
UBA7713_03418        -          napA                 -           4.6e-243  817.1   0.1  5.5e-243  816.8   0.1   1.1   1   0   0   1   1   1   1 Periplasmic nitrate reductase
UBA7897_00782        -          napA                 -           4.6e-243  817.1   0.1  5.5e-243  816.8   0.1   1.1   1   0   0   1   1   1   1 Periplasmic nitrate reductase
UBA1455_02229        -          napA                 -           4.6e-243  817.1   0.1  5.5e-243  816.8   0.1   1.1   1   0   0   1   1   1   1 Periplasmic nitrate reductase
UBA3248_01307        -          napA                 -           4.6e-243  817.1   0.1  5.5e-243  816.8   0.1   1.1   1   0   0   1   1   1   1 Periplasmic nitrate reductase
UBA5863_02120        -          napA                 -           4.6e-243  817.1   0.1  5.5e-243  816.8   0.1   1.1   1   0   0   1   1   1   1 Periplasmic nitrate reductase
UBA6548_03855        -          napA                 -           4.6e-243  817.1   0.1  5.5e-243  816.8   0.1   1.1   1   0   0   1   1   1   1 Periplasmic nitrate reductase
UBA7847_01479        -          napA                 -           4.6e-243  817.1   0.1  5.5e-243  816.8   0.1   1.1   1   0   0   1   1   1   1 Periplasmic nitrate reductase
UBA4758_03826        -          napA                 -           4.6e-243  817.1   0.1  5.5e-243  816.8   0.1   1.1   1   0   0   1   1   1   1 Periplasmic nitrate reductase
UBA6702_00803        -          napA                 -           4.6e-243  817.1   0.1  5.5e-243  816.8   0.1   1.1   1   0   0   1   1   1   1 Periplasmic nitrate reductase
UBA3094_03155        -          napA                 -           4.6e-243  817.1   0.1  5.5e-243  816.8   0.1   1.1   1   0   0   1   1   1   1 Periplasmic nitrate reductase
UBA2064_00353        -          napA                 -           4.6e-243  817.1   0.1  5.5e-243  816.8   0.1   1.1   1   0   0   1   1   1   1 Periplasmic nitrate reductase
UBA7530_04114        -          napA                 -           5.7e-243  816.7   0.1  6.9e-243  816.5   0.1   1.1   1   0   0   1   1   1   1 Periplasmic nitrate reductase
UBA2004_00187        -          napA                 -           5.8e-243  816.7   0.1  6.9e-243  816.5   0.1   1.1   1   0   0   1   1   1   1 Periplasmic nitrate reductase
UBA6509_02777        -          napA                 -           6.1e-243  816.7   0.1  7.3e-243  816.4   0.1   1.1   1   0   0   1   1   1   1 Periplasmic nitrate reductase
UBA847_00486         -          napA                 -           6.1e-243  816.7   0.1  7.3e-243  816.4   0.1   1.1   1   0   0   1   1   1   1 Periplasmic nitrate reductase
UBA6318_01145        -          napA                 -           6.1e-243  816.7   0.1  7.3e-243  816.4   0.1   1.1   1   0   0   1   1   1   1 Periplasmic nitrate reductase
UBA6826_01877        -          napA                 -           6.1e-243  816.6   0.1  7.4e-243  816.4   0.1   1.1   1   0   0   1   1   1   1 Periplasmic nitrate reductase
UBA4757_03545        -          napA                 -           6.7e-243  816.5   0.0    8e-243  816.3   0.0   1.1   1   0   0   1   1   1   1 Periplasmic nitrate reductase
UBA4107_01966        -          napA                 -           6.9e-243  816.5   0.1  8.4e-243  816.2   0.1   1.1   1   0   0   1   1   1   1 Periplasmic nitrate reductase
UBA6822_01732        -          napA                 -           7.1e-243  816.4   0.0  8.5e-243  816.2   0.0   1.1   1   0   0   1   1   1   1 Periplasmic nitrate reductase
UBA2472_01899        -          napA                 -           8.9e-243  816.1   0.1  1.1e-242  815.8   0.1   1.1   1   0   0   1   1   1   1 Periplasmic nitrate reductase
UBA1804_02868        -          napA                 -           9.9e-243  816.0   0.0  1.3e-242  815.6   0.0   1.1   1   0   0   1   1   1   1 Periplasmic nitrate reductase
UBA6718_03179        -          napA                 -             1e-242  815.9   0.0  1.2e-242  815.7   0.0   1.1   1   0   0   1   1   1   1 Periplasmic nitrate reductase
UBA7424_01202        -          napA                 -           1.2e-242  815.6   0.0  1.5e-242  815.4   0.0   1.1   1   0   0   1   1   1   1 Periplasmic nitrate reductase
UBA3421_00419        -          napA                 -           1.2e-242  815.6   0.0  1.5e-242  815.4   0.0   1.1   1   0   0   1   1   1   1 Periplasmic nitrate reductase
UBA1300_02550        -          napA                 -           1.4e-242  815.4   0.1  1.7e-242  815.2   0.1   1.1   1   0   0   1   1   1   1 Periplasmic nitrate reductase
UBA6635_01878        -          napA                 -           1.4e-242  815.4   0.1  1.8e-242  815.1   0.1   1.1   1   0   0   1   1   1   1 Periplasmic nitrate reductase
UBA1934_02856        -          napA                 -           1.4e-242  815.4   0.0  1.8e-242  815.1   0.0   1.1   1   0   0   1   1   1   1 Periplasmic nitrate reductase
UBA2684_02779        -          napA                 -           1.5e-242  815.3   0.0  1.8e-242  815.1   0.0   1.1   1   0   0   1   1   1   1 Periplasmic nitrate reductase
UBA821_03410         -          napA                 -           1.6e-242  815.3   0.1  1.9e-242  815.0   0.1   1.1   1   0   0   1   1   1   1 Periplasmic nitrate reductase
UBA2672_03013        -          napA                 -           1.6e-242  815.3   0.1  1.9e-242  815.0   0.1   1.1   1   0   0   1   1   1   1 Periplasmic nitrate reductase
UBA3349_00284        -          napA                 -           1.6e-242  815.3   0.1  1.9e-242  815.0   0.1   1.1   1   0   0   1   1   1   1 Periplasmic nitrate reductase
UBA3589_00213        -          napA                 -           1.6e-242  815.3   0.1  1.9e-242  815.0   0.1   1.1   1   0   0   1   1   1   1 Periplasmic nitrate reductase
UBA1355_01701        -          napA                 -           1.9e-242  815.1   0.0  2.4e-242  814.7   0.0   1.1   1   0   0   1   1   1   1 Periplasmic nitrate reductase
UBA1452_03221        -          napA                 -           1.9e-242  815.1   0.0  2.4e-242  814.7   0.0   1.1   1   0   0   1   1   1   1 Periplasmic nitrate reductase
UBA1884_01790        -          napA                 -           1.9e-242  815.1   0.0  2.4e-242  814.7   0.0   1.1   1   0   0   1   1   1   1 Periplasmic nitrate reductase
UBA1890_00517        -          napA                 -           1.9e-242  815.1   0.0  2.4e-242  814.7   0.0   1.1   1   0   0   1   1   1   1 Periplasmic nitrate reductase
UBA1892_00773        -          napA                 -           1.9e-242  815.1   0.0  2.4e-242  814.7   0.0   1.1   1   0   0   1   1   1   1 Periplasmic nitrate reductase
UBA2054_01174        -          napA                 -           1.9e-242  815.1   0.0  2.4e-242  814.7   0.0   1.1   1   0   0   1   1   1   1 Periplasmic nitrate reductase
UBA2703_00658        -          napA                 -           1.9e-242  815.1   0.0  2.4e-242  814.7   0.0   1.1   1   0   0   1   1   1   1 Periplasmic nitrate reductase
UBA3228_00953        -          napA                 -           1.9e-242  815.1   0.0  2.4e-242  814.7   0.0   1.1   1   0   0   1   1   1   1 Periplasmic nitrate reductase
UBA3876_00116        -          napA                 -           1.9e-242  815.1   0.0  2.4e-242  814.7   0.0   1.1   1   0   0   1   1   1   1 Periplasmic nitrate reductase
UBA3882_01056        -          napA                 -           1.9e-242  815.1   0.0  2.4e-242  814.7   0.0   1.1   1   0   0   1   1   1   1 Periplasmic nitrate reductase
UBA4391_02743        -          napA                 -           1.9e-242  815.1   0.0  2.4e-242  814.7   0.0   1.1   1   0   0   1   1   1   1 Periplasmic nitrate reductase
UBA4963_00540        -          napA                 -           1.9e-242  815.1   0.0  2.4e-242  814.7   0.0   1.1   1   0   0   1   1   1   1 Periplasmic nitrate reductase
UBA5117_00717        -          napA                 -           1.9e-242  815.1   0.0  2.4e-242  814.7   0.0   1.1   1   0   0   1   1   1   1 Periplasmic nitrate reductase
UBA5963_02150        -          napA                 -           1.9e-242  815.1   0.0  2.4e-242  814.7   0.0   1.1   1   0   0   1   1   1   1 Periplasmic nitrate reductase
UBA6301_02410        -          napA                 -           1.9e-242  815.1   0.0  2.4e-242  814.7   0.0   1.1   1   0   0   1   1   1   1 Periplasmic nitrate reductase
UBA6752_02376        -          napA                 -           1.9e-242  815.1   0.0  2.4e-242  814.7   0.0   1.1   1   0   0   1   1   1   1 Periplasmic nitrate reductase
UBA861_02011         -          napA                 -           1.9e-242  815.1   0.0  2.4e-242  814.7   0.0   1.1   1   0   0   1   1   1   1 Periplasmic nitrate reductase
UBA897_02430         -          napA                 -           1.9e-242  815.1   0.0  2.4e-242  814.7   0.0   1.1   1   0   0   1   1   1   1 Periplasmic nitrate reductase
UBA3873_03441        -          napA                 -           1.9e-242  815.0   0.0  2.4e-242  814.7   0.0   1.1   1   0   0   1   1   1   1 Periplasmic nitrate reductase
UBA3879_02988        -          napA                 -           1.9e-242  815.0   0.0  2.4e-242  814.7   0.0   1.1   1   0   0   1   1   1   1 Periplasmic nitrate reductase
UBA1862_03385        -          napA                 -           1.9e-242  815.0   0.0  2.4e-242  814.7   0.0   1.1   1   0   0   1   1   1   1 Periplasmic nitrate reductase
UBA3517_03027        -          napA                 -           1.9e-242  815.0   0.0  2.4e-242  814.7   0.0   1.1   1   0   0   1   1   1   1 Periplasmic nitrate reductase
UBA990_03105         -          napA                 -             2e-242  814.9   0.1  2.5e-242  814.6   0.1   1.1   1   0   0   1   1   1   1 Periplasmic nitrate reductase
UBA2165_00222        -          napA                 -           2.2e-242  814.8   0.1  2.7e-242  814.5   0.1   1.1   1   0   0   1   1   1   1 Periplasmic nitrate reductase
UBA5173_01564        -          napA                 -           2.3e-242  814.7   0.2  2.8e-242  814.5   0.2   1.0   1   0   0   1   1   1   1 Periplasmic nitrate reductase
UBA1453_00253        -          napA                 -           2.4e-242  814.7   0.0  3.1e-242  814.3   0.0   1.1   1   0   0   1   1   1   1 Periplasmic nitrate reductase
UBA2490_01629        -          napA                 -           2.4e-242  814.7   0.0  3.1e-242  814.3   0.0   1.1   1   0   0   1   1   1   1 Periplasmic nitrate reductase
UBA4134_00115        -          napA                 -           2.4e-242  814.7   0.0  3.1e-242  814.3   0.0   1.1   1   0   0   1   1   1   1 Periplasmic nitrate reductase
UBA2568_03143        -          napA                 -           2.5e-242  814.6   0.1    3e-242  814.4   0.1   1.1   1   0   0   1   1   1   1 Periplasmic nitrate reductase
UBA2949_03471        -          napA                 -           2.5e-242  814.6   0.1    3e-242  814.4   0.1   1.1   1   0   0   1   1   1   1 Periplasmic nitrate reductase
UBA7861_01569        -          napA                 -           2.7e-242  814.5   0.0  3.5e-242  814.1   0.0   1.1   1   0   0   1   1   1   1 Periplasmic nitrate reductase
UBA1356_01406        -          napA                 -           2.7e-242  814.5   0.0  3.5e-242  814.1   0.0   1.1   1   0   0   1   1   1   1 Periplasmic nitrate reductase
UBA6312_02272        -          napA                 -           2.7e-242  814.5   0.0  3.5e-242  814.1   0.0   1.1   1   0   0   1   1   1   1 Periplasmic nitrate reductase
UBA1637_01835        -          napA                 -           2.7e-242  814.5   0.0  3.5e-242  814.1   0.0   1.1   1   0   0   1   1   1   1 Periplasmic nitrate reductase
UBA2056_00131        -          napA                 -           2.7e-242  814.5   0.0  3.5e-242  814.1   0.0   1.1   1   0   0   1   1   1   1 Periplasmic nitrate reductase
UBA3232_01601        -          napA                 -           2.7e-242  814.5   0.0  3.5e-242  814.1   0.0   1.1   1   0   0   1   1   1   1 Periplasmic nitrate reductase
UBA6649_01406        -          napA                 -           2.7e-242  814.5   0.0  3.5e-242  814.1   0.0   1.1   1   0   0   1   1   1   1 Periplasmic nitrate reductase
UBA7844_02103        -          napA                 -           2.7e-242  814.5   0.0  3.5e-242  814.1   0.0   1.1   1   0   0   1   1   1   1 Periplasmic nitrate reductase
UBA6643_02144        -          napA                 -           3.2e-242  814.3   0.0  4.2e-242  813.9   0.0   1.1   1   0   0   1   1   1   1 Periplasmic nitrate reductase
UBA3044_01386        -          napA                 -           4.1e-242  813.9   0.0  5.4e-242  813.5   0.0   1.1   1   0   0   1   1   1   1 Periplasmic nitrate reductase
UBA2301_01219        -          napA                 -           5.8e-242  813.4   0.0    7e-242  813.2   0.0   1.1   1   0   0   1   1   1   1 Periplasmic nitrate reductase
UBA2441_00858        -          napA                 -           5.9e-242  813.4   0.0  7.2e-242  813.1   0.0   1.1   1   0   0   1   1   1   1 Periplasmic nitrate reductase
UBA4492_01302        -          napA                 -           8.5e-242  812.9   0.0    1e-241  812.6   0.0   1.1   1   0   0   1   1   1   1 Periplasmic nitrate reductase
UBA2139_01369        -          napA                 -           9.5e-242  812.7   0.0  1.2e-241  812.4   0.0   1.1   1   0   0   1   1   1   1 Periplasmic nitrate reductase
UBA704_00778         -          napA                 -           1.2e-241  812.4   0.0  1.4e-241  812.1   0.0   1.1   1   0   0   1   1   1   1 Periplasmic nitrate reductase
UBA5024_00623        -          napA                 -           1.3e-241  812.3   0.0  1.5e-241  812.0   0.0   1.1   1   0   0   1   1   1   1 Periplasmic nitrate reductase
UBA3975_00458        -          napA                 -           1.5e-241  812.1   0.0  1.8e-241  811.8   0.0   1.1   1   0   0   1   1   1   1 Periplasmic nitrate reductase
UBA7497_01080        -          napA                 -           1.6e-241  812.0   0.0    2e-241  811.6   0.0   1.1   1   0   0   1   1   1   1 Periplasmic nitrate reductase
UBA1479_02470        -          napA                 -           1.7e-241  811.9   0.0    2e-241  811.6   0.0   1.1   1   0   0   1   1   1   1 Periplasmic nitrate reductase
UBA2667_00062        -          napA                 -           1.7e-241  811.9   0.0    2e-241  811.6   0.0   1.1   1   0   0   1   1   1   1 Periplasmic nitrate reductase
UBA5101_03336        -          napA                 -           1.7e-241  811.9   0.0    2e-241  811.6   0.0   1.1   1   0   0   1   1   1   1 Periplasmic nitrate reductase
UBA6125_03127        -          napA                 -           2.7e-241  811.2   0.0  3.3e-241  810.9   0.0   1.1   1   0   0   1   1   1   1 Periplasmic nitrate reductase
UBA5029_01148        -          napA                 -           3.4e-241  810.9   0.1  4.1e-241  810.6   0.1   1.1   1   0   0   1   1   1   1 Periplasmic nitrate reductase
UBA1495_00481        -          napA                 -           4.4e-241  810.5   0.0  5.4e-241  810.2   0.0   1.1   1   0   0   1   1   1   1 Periplasmic nitrate reductase
UBA5710_01630        -          napA                 -           4.4e-241  810.5   0.0  5.4e-241  810.2   0.0   1.1   1   0   0   1   1   1   1 Periplasmic nitrate reductase
UBA7601_03026        -          napA                 -           4.9e-241  810.4   0.0    6e-241  810.1   0.0   1.1   1   0   0   1   1   1   1 Periplasmic nitrate reductase
UBA697_02842         -          napA                 -           5.9e-241  810.1   0.0  7.2e-241  809.8   0.0   1.1   1   0   0   1   1   1   1 Periplasmic nitrate reductase
UBA1170_05840        -          napA                 -           6.3e-241  810.0   0.0  7.9e-241  809.7   0.0   1.1   1   0   0   1   1   1   1 Periplasmic nitrate reductase
UBA5986_03551        -          napA                 -           6.3e-241  810.0   0.0  7.9e-241  809.7   0.0   1.1   1   0   0   1   1   1   1 Periplasmic nitrate reductase
UBA1468_03650        -          napA                 -           6.7e-241  809.9   0.0  8.2e-241  809.6   0.0   1.1   1   0   0   1   1   1   1 Periplasmic nitrate reductase
UBA6599_02995        -          napA                 -           6.7e-241  809.9   0.0  8.2e-241  809.6   0.0   1.1   1   0   0   1   1   1   1 Periplasmic nitrate reductase
UBA2553_01854        -          napA                 -           7.5e-241  809.7   0.0  9.2e-241  809.5   0.0   1.1   1   0   0   1   1   1   1 Periplasmic nitrate reductase
UBA7437_01121        -          napA                 -           7.7e-241  809.7   0.2  9.6e-241  809.4   0.2   1.1   1   0   0   1   1   1   1 Periplasmic nitrate reductase
UBA1598_02109        -          napA                 -           7.7e-241  809.7   0.0  9.5e-241  809.4   0.0   1.1   1   0   0   1   1   1   1 Periplasmic nitrate reductase
UBA5661_01572        -          napA                 -           7.9e-241  809.7   0.0  9.7e-241  809.4   0.0   1.1   1   0   0   1   1   1   1 Periplasmic nitrate reductase
UBA1810_03235        -          napA                 -             8e-241  809.7   0.0  9.8e-241  809.4   0.0   1.1   1   0   0   1   1   1   1 Periplasmic nitrate reductase
UBA5931_00885        -          napA                 -           8.5e-241  809.6   0.0    1e-240  809.3   0.0   1.1   1   0   0   1   1   1   1 Periplasmic nitrate reductase
UBA3148_01603        -          napA                 -           9.4e-241  809.4   0.1  1.1e-240  809.1   0.1   1.1   1   0   0   1   1   1   1 Periplasmic nitrate reductase
UBA6219_01325        -          napA                 -           9.5e-241  809.4   0.0  1.2e-240  809.1   0.0   1.1   1   0   0   1   1   1   1 Periplasmic nitrate reductase
UBA6315_01063        -          napA                 -           1.2e-240  809.0   0.0  1.5e-240  808.8   0.0   1.1   1   0   0   1   1   1   1 Periplasmic nitrate reductase
UBA4160_02515        -          napA                 -           1.3e-240  809.0   0.0  1.6e-240  808.7   0.0   1.1   1   0   0   1   1   1   1 Periplasmic nitrate reductase
UBA3023_02746        -          napA                 -           1.4e-240  808.9   0.0  1.7e-240  808.6   0.0   1.1   1   0   0   1   1   1   1 Periplasmic nitrate reductase
UBA2573_00012        -          napA                 -           1.5e-240  808.8   0.0  1.8e-240  808.5   0.0   1.1   1   0   0   1   1   1   1 Periplasmic nitrate reductase
UBA2482_02120        -          napA                 -           1.5e-240  808.8   0.0  1.8e-240  808.5   0.0   1.1   1   0   0   1   1   1   1 Periplasmic nitrate reductase
UBA4533_02316        -          napA                 -           1.5e-240  808.8   0.0  1.8e-240  808.5   0.0   1.1   1   0   0   1   1   1   1 Periplasmic nitrate reductase
UBA7711_00647        -          napA                 -           1.5e-240  808.8   0.0  1.8e-240  808.5   0.0   1.1   1   0   0   1   1   1   1 Periplasmic nitrate reductase
UBA904_02430         -          napA                 -           1.5e-240  808.8   0.0  1.8e-240  808.5   0.0   1.1   1   0   0   1   1   1   1 Periplasmic nitrate reductase
UBA3004_03721        -          napA                 -           1.5e-240  808.8   0.0  1.8e-240  808.5   0.0   1.1   1   0   0   1   1   1   1 Periplasmic nitrate reductase
UBA6279_03830        -          napA                 -           1.5e-240  808.8   0.0  1.8e-240  808.5   0.0   1.1   1   0   0   1   1   1   1 Periplasmic nitrate reductase
UBA1582_00605        -          napA                 -           1.6e-240  808.7   0.0    2e-240  808.4   0.0   1.1   1   0   0   1   1   1   1 Periplasmic nitrate reductase
UBA5981_02473        -          napA                 -           1.6e-240  808.6   0.0    2e-240  808.3   0.0   1.1   1   0   0   1   1   1   1 Periplasmic nitrate reductase
UBA5719_00008        -          napA                 -           1.6e-240  808.6   0.0    2e-240  808.3   0.0   1.1   1   0   0   1   1   1   1 Periplasmic nitrate reductase
UBA7617_01849        -          napA                 -           1.6e-240  808.6   0.0    2e-240  808.3   0.0   1.1   1   0   0   1   1   1   1 Periplasmic nitrate reductase
UBA1656_03158        -          napA                 -           1.6e-240  808.6   0.0    2e-240  808.3   0.0   1.1   1   0   0   1   1   1   1 Periplasmic nitrate reductase
UBA1830_01068        -          napA                 -           1.6e-240  808.6   0.0    2e-240  808.3   0.0   1.1   1   0   0   1   1   1   1 Periplasmic nitrate reductase
UBA2326_02803        -          napA                 -           1.6e-240  808.6   0.0    2e-240  808.3   0.0   1.1   1   0   0   1   1   1   1 Periplasmic nitrate reductase
UBA2580_03048        -          napA                 -           1.6e-240  808.6   0.0    2e-240  808.3   0.0   1.1   1   0   0   1   1   1   1 Periplasmic nitrate reductase
UBA3423_03099        -          napA                 -           1.6e-240  808.6   0.0    2e-240  808.3   0.0   1.1   1   0   0   1   1   1   1 Periplasmic nitrate reductase
UBA3453_02081        -          napA                 -           1.6e-240  808.6   0.0    2e-240  808.3   0.0   1.1   1   0   0   1   1   1   1 Periplasmic nitrate reductase
UBA4595_02833        -          napA                 -           1.6e-240  808.6   0.0    2e-240  808.3   0.0   1.1   1   0   0   1   1   1   1 Periplasmic nitrate reductase
UBA4614_03160        -          napA                 -           1.6e-240  808.6   0.0    2e-240  808.3   0.0   1.1   1   0   0   1   1   1   1 Periplasmic nitrate reductase
UBA5865_02672        -          napA                 -           1.6e-240  808.6   0.0    2e-240  808.3   0.0   1.1   1   0   0   1   1   1   1 Periplasmic nitrate reductase
UBA6556_02391        -          napA                 -           1.6e-240  808.6   0.0    2e-240  808.3   0.0   1.1   1   0   0   1   1   1   1 Periplasmic nitrate reductase
UBA6639_00499        -          napA                 -           1.6e-240  808.6   0.0    2e-240  808.3   0.0   1.1   1   0   0   1   1   1   1 Periplasmic nitrate reductase
UBA7538_02454        -          napA                 -           1.6e-240  808.6   0.0    2e-240  808.3   0.0   1.1   1   0   0   1   1   1   1 Periplasmic nitrate reductase
UBA863_00471         -          napA                 -           1.6e-240  808.6   0.0    2e-240  808.3   0.0   1.1   1   0   0   1   1   1   1 Periplasmic nitrate reductase
UBA1286_01703        -          napA                 -           1.6e-240  808.6   0.0    2e-240  808.3   0.0   1.1   1   0   0   1   1   1   1 Periplasmic nitrate reductase
UBA2003_00338        -          napA                 -           1.6e-240  808.6   0.0    2e-240  808.3   0.0   1.1   1   0   0   1   1   1   1 Periplasmic nitrate reductase
UBA3240_01473        -          napA                 -           1.6e-240  808.6   0.0    2e-240  808.3   0.0   1.1   1   0   0   1   1   1   1 Periplasmic nitrate reductase
UBA3244_03031        -          napA                 -           1.6e-240  808.6   0.0    2e-240  808.3   0.0   1.1   1   0   0   1   1   1   1 Periplasmic nitrate reductase
UBA4545_01695        -          napA                 -           1.6e-240  808.6   0.0    2e-240  808.3   0.0   1.1   1   0   0   1   1   1   1 Periplasmic nitrate reductase
UBA5140_02358        -          napA                 -           1.6e-240  808.6   0.0    2e-240  808.3   0.0   1.1   1   0   0   1   1   1   1 Periplasmic nitrate reductase
UBA808_01651         -          napA                 -           1.6e-240  808.6   0.0    2e-240  808.3   0.0   1.1   1   0   0   1   1   1   1 Periplasmic nitrate reductase
UBA2314_02686        -          napA                 -           1.6e-240  808.6   0.0    2e-240  808.3   0.0   1.1   1   0   0   1   1   1   1 Periplasmic nitrate reductase
UBA3137_02473        -          napA                 -           1.6e-240  808.6   0.0    2e-240  808.3   0.0   1.1   1   0   0   1   1   1   1 Periplasmic nitrate reductase
UBA3146_01837        -          napA                 -           1.6e-240  808.6   0.0    2e-240  808.3   0.0   1.1   1   0   0   1   1   1   1 Periplasmic nitrate reductase
UBA3418_02366        -          napA                 -           1.6e-240  808.6   0.0    2e-240  808.3   0.0   1.1   1   0   0   1   1   1   1 Periplasmic nitrate reductase
UBA3454_02380        -          napA                 -           1.6e-240  808.6   0.0    2e-240  808.3   0.0   1.1   1   0   0   1   1   1   1 Periplasmic nitrate reductase
UBA3460_03320        -          napA                 -           1.6e-240  808.6   0.0    2e-240  808.3   0.0   1.1   1   0   0   1   1   1   1 Periplasmic nitrate reductase
UBA4480_03430        -          napA                 -           1.6e-240  808.6   0.0    2e-240  808.3   0.0   1.1   1   0   0   1   1   1   1 Periplasmic nitrate reductase
UBA4529_02010        -          napA                 -           1.6e-240  808.6   0.0    2e-240  808.3   0.0   1.1   1   0   0   1   1   1   1 Periplasmic nitrate reductase
UBA4558_02557        -          napA                 -           1.6e-240  808.6   0.0    2e-240  808.3   0.0   1.1   1   0   0   1   1   1   1 Periplasmic nitrate reductase
UBA4603_00200        -          napA                 -           1.6e-240  808.6   0.0    2e-240  808.3   0.0   1.1   1   0   0   1   1   1   1 Periplasmic nitrate reductase
UBA5562_03541        -          napA                 -           1.6e-240  808.6   0.0    2e-240  808.3   0.0   1.1   1   0   0   1   1   1   1 Periplasmic nitrate reductase
UBA5569_01896        -          napA                 -           1.6e-240  808.6   0.0    2e-240  808.3   0.0   1.1   1   0   0   1   1   1   1 Periplasmic nitrate reductase
UBA5649_01603        -          napA                 -           1.6e-240  808.6   0.0    2e-240  808.3   0.0   1.1   1   0   0   1   1   1   1 Periplasmic nitrate reductase
UBA5840_03047        -          napA                 -           1.6e-240  808.6   0.0    2e-240  808.3   0.0   1.1   1   0   0   1   1   1   1 Periplasmic nitrate reductase
UBA6287_02979        -          napA                 -           1.6e-240  808.6   0.0    2e-240  808.3   0.0   1.1   1   0   0   1   1   1   1 Periplasmic nitrate reductase
UBA6896_00989        -          napA                 -           1.6e-240  808.6   0.0    2e-240  808.3   0.0   1.1   1   0   0   1   1   1   1 Periplasmic nitrate reductase
UBA4163_00910        -          napA                 -           1.6e-240  808.6   0.0    2e-240  808.3   0.0   1.1   1   0   0   1   1   1   1 Periplasmic nitrate reductase
UBA5137_02918        -          napA                 -           1.6e-240  808.6   0.0    2e-240  808.3   0.0   1.1   1   0   0   1   1   1   1 Periplasmic nitrate reductase
UBA6631_00459        -          napA                 -           1.6e-240  808.6   0.0    2e-240  808.3   0.0   1.1   1   0   0   1   1   1   1 Periplasmic nitrate reductase
UBA7241_01702        -          napA                 -           1.6e-240  808.6   0.0    2e-240  808.3   0.0   1.1   1   0   0   1   1   1   1 Periplasmic nitrate reductase
UBA7652_00786        -          napA                 -           1.6e-240  808.6   0.0    2e-240  808.3   0.0   1.1   1   0   0   1   1   1   1 Periplasmic nitrate reductase
UBA7458_02870        -          napA                 -           1.7e-240  808.6   0.0    2e-240  808.3   0.0   1.1   1   0   0   1   1   1   1 Periplasmic nitrate reductase
UBA1864_03814        -          napA                 -             2e-240  808.3   0.0  2.5e-240  808.0   0.0   1.1   1   0   0   1   1   1   1 Periplasmic nitrate reductase
UBA1646_02343        -          napA                 -           2.4e-240  808.1   0.0  2.9e-240  807.8   0.0   1.1   1   0   0   1   1   1   1 Periplasmic nitrate reductase
UBA2363_01424        -          napA                 -           4.4e-240  807.2   0.0  5.3e-240  807.0   0.0   1.1   1   0   0   1   1   1   1 Periplasmic nitrate reductase
UBA2411_00082        -          napA                 -           4.4e-240  807.2   0.0  5.3e-240  807.0   0.0   1.1   1   0   0   1   1   1   1 Periplasmic nitrate reductase
UBA1891_01442        -          napA                 -           4.6e-240  807.2   0.0  5.6e-240  806.9   0.0   1.1   1   0   0   1   1   1   1 Periplasmic nitrate reductase
UBA3971_03235        -          napA                 -             5e-240  807.0   0.0  6.2e-240  806.7   0.0   1.1   1   0   0   1   1   1   1 Periplasmic nitrate reductase
UBA1807_02528        -          napA                 -             5e-240  807.0   0.0  6.2e-240  806.7   0.0   1.1   1   0   0   1   1   1   1 Periplasmic nitrate reductase
UBA3114_03495        -          napA                 -             5e-240  807.0   0.0  6.2e-240  806.7   0.0   1.1   1   0   0   1   1   1   1 Periplasmic nitrate reductase
UBA2229_00287        -          napA                 -           5.6e-240  806.9   0.0  6.8e-240  806.6   0.0   1.1   1   0   0   1   1   1   1 Periplasmic nitrate reductase
UBA2262_00829        -          napA                 -           5.6e-240  806.9   0.0  6.8e-240  806.6   0.0   1.1   1   0   0   1   1   1   1 Periplasmic nitrate reductase
UBA6271_01350        -          napA                 -           7.3e-240  806.5   0.0  8.7e-240  806.3   0.0   1.1   1   0   0   1   1   1   1 Periplasmic nitrate reductase
UBA5985_00302        -          napA                 -           7.5e-240  806.5   0.0  9.2e-240  806.2   0.0   1.1   1   0   0   1   1   1   1 Periplasmic nitrate reductase
UBA6275_03922        -          napA                 -           8.1e-240  806.4   0.0  9.9e-240  806.1   0.0   1.1   1   0   0   1   1   1   1 Periplasmic nitrate reductase
UBA4493_05443        -          napA                 -           1.2e-239  805.7   0.0  1.5e-239  805.5   0.0   1.1   1   0   0   1   1   1   1 Periplasmic nitrate reductase
UBA5711_01508        -          napA                 -           1.4e-239  805.5   0.0  1.8e-239  805.2   0.0   1.1   1   0   0   1   1   1   1 Periplasmic nitrate reductase
UBA2315_03573        -          napA                 -           1.5e-239  805.5   0.0  1.8e-239  805.2   0.0   1.1   1   0   0   1   1   1   1 Periplasmic nitrate reductase
UBA6585_04023        -          napA                 -           1.5e-239  805.5   0.0  1.8e-239  805.2   0.0   1.1   1   0   0   1   1   1   1 Periplasmic nitrate reductase
UBA2271_01531        -          napA                 -           1.5e-239  805.5   0.1  1.8e-239  805.2   0.1   1.1   1   0   0   1   1   1   1 Periplasmic nitrate reductase
UBA5196_01645        -          napA                 -           1.5e-239  805.5   0.1  1.8e-239  805.2   0.1   1.1   1   0   0   1   1   1   1 Periplasmic nitrate reductase
UBA4486_02266        -          napA                 -           3.5e-239  804.2   0.0  4.2e-239  804.0   0.0   1.1   1   0   0   1   1   1   1 Periplasmic nitrate reductase
UBA6194_02317        -          napA                 -             4e-239  804.1   0.0  4.8e-239  803.8   0.0   1.1   1   0   0   1   1   1   1 Periplasmic nitrate reductase
UBA5122_02807        -          napA                 -           5.6e-239  803.6   0.0  6.7e-239  803.3   0.0   1.1   1   0   0   1   1   1   1 Periplasmic nitrate reductase
UBA6914_02053        -          napA                 -           5.6e-239  803.6   0.0  6.7e-239  803.3   0.0   1.1   1   0   0   1   1   1   1 Periplasmic nitrate reductase
UBA2327_03116        -          napA                 -           2.2e-238  801.6   0.0  2.6e-238  801.4   0.0   1.1   1   0   0   1   1   1   1 Periplasmic nitrate reductase
UBA4537_00145        -          napA                 -           2.2e-238  801.6   0.0  2.7e-238  801.3   0.0   1.1   1   0   0   1   1   1   1 Periplasmic nitrate reductase
UBA1019_00092        -          napA                 -           2.2e-238  801.6   0.0  2.7e-238  801.3   0.0   1.1   1   0   0   1   1   1   1 Periplasmic nitrate reductase
UBA5121_00635        -          napA                 -             3e-238  801.2   0.0  3.7e-238  800.9   0.0   1.1   1   0   0   1   1   1   1 Periplasmic nitrate reductase
UBA6913_02038        -          napA                 -             3e-238  801.2   0.0  3.7e-238  800.9   0.0   1.1   1   0   0   1   1   1   1 Periplasmic nitrate reductase
UBA6011_00683        -          napA                 -           8.4e-238  799.7   0.0    1e-237  799.4   0.0   1.1   1   0   0   1   1   1   1 Periplasmic nitrate reductase
UBA4530_05496        -          napA                 -           9.2e-238  799.6   0.0  1.1e-237  799.3   0.0   1.1   1   0   0   1   1   1   1 Periplasmic nitrate reductase
UBA6748_01772        -          napA                 -             1e-237  799.5   0.0  1.2e-237  799.2   0.0   1.1   1   0   0   1   1   1   1 Periplasmic nitrate reductase
UBA2119_00191        -          napA                 -           1.2e-237  799.2   0.0  1.5e-237  798.9   0.0   1.1   1   0   0   1   1   1   1 Periplasmic nitrate reductase
UBA5777_00789        -          napA                 -           1.2e-237  799.2   0.0  1.5e-237  798.9   0.0   1.1   1   0   0   1   1   1   1 Periplasmic nitrate reductase
UBA3087_02660        -          napA                 -           1.5e-237  798.9   0.0  1.8e-237  798.6   0.0   1.1   1   0   0   1   1   1   1 Periplasmic nitrate reductase
UBA7511_00790        -          napA                 -           1.6e-237  798.8   0.0  1.9e-237  798.5   0.0   1.1   1   0   0   1   1   1   1 Periplasmic nitrate reductase
UBA3142_01973        -          napA                 -           3.2e-237  797.8   0.1  3.9e-237  797.5   0.1   1.1   1   0   0   1   1   1   1 Periplasmic nitrate reductase
UBA2783_04587        -          napA                 -           5.1e-237  797.1   0.0  6.1e-237  796.9   0.0   1.1   1   0   0   1   1   1   1 Periplasmic nitrate reductase
UBA6658_01539        -          napA                 -           1.3e-236  795.8   0.0  1.6e-236  795.5   0.0   1.1   1   0   0   1   1   1   1 Periplasmic nitrate reductase
UBA3556_02534        -          napA                 -           1.4e-236  795.7   0.1  1.6e-236  795.5   0.1   1.1   1   0   0   1   1   1   1 Periplasmic nitrate reductase
UBA2572_01275        -          napA                 -           1.4e-236  795.6   0.1  1.7e-236  795.4   0.1   1.1   1   0   0   1   1   1   1 Periplasmic nitrate reductase
UBA4388_04778        -          napA                 -           1.5e-236  795.5   0.1  1.9e-236  795.3   0.1   1.1   1   0   0   1   1   1   1 Periplasmic nitrate reductase
UBA7676_00306        -          napA                 -             4e-236  794.2   0.0  4.9e-236  793.9   0.0   1.1   1   0   0   1   1   1   1 Periplasmic nitrate reductase
UBA4044_00490        -          napA                 -             4e-236  794.2   0.0  4.9e-236  793.9   0.0   1.1   1   0   0   1   1   1   1 Periplasmic nitrate reductase
UBA2006_04829        -          napA                 -           1.5e-235  792.3   0.0  1.7e-235  792.1   0.0   1.1   1   0   0   1   1   1   1 Periplasmic nitrate reductase
UBA4509_00660        -          napA                 -           2.6e-235  791.5   0.0  3.2e-235  791.2   0.0   1.1   1   0   0   1   1   1   1 Periplasmic nitrate reductase
UBA1059_00126        -          napA                 -           5.2e-235  790.5   0.1  6.3e-235  790.2   0.1   1.1   1   0   0   1   1   1   1 Periplasmic nitrate reductase
UBA7661_00547        -          napA                 -           1.9e-234  788.6   0.0  2.3e-234  788.3   0.0   1.1   1   0   0   1   1   1   1 Periplasmic nitrate reductase
UBA2346_00002        -          napA                 -           3.3e-234  787.9   0.0  3.9e-234  787.6   0.0   1.1   1   0   0   1   1   1   1 Periplasmic nitrate reductase
UBA2357_01317        -          napA                 -           3.3e-234  787.9   0.0  3.9e-234  787.6   0.0   1.1   1   0   0   1   1   1   1 Periplasmic nitrate reductase
UBA7671_00517        -          napA                 -           2.9e-233  784.7   0.1  3.6e-233  784.4   0.1   1.1   1   0   0   1   1   1   1 Periplasmic nitrate reductase
UBA1347_01075        -          napA                 -           6.3e-233  783.6   0.0  7.6e-233  783.4   0.0   1.1   1   0   0   1   1   1   1 Periplasmic nitrate reductase
UBA1349_03984        -          napA                 -           6.3e-233  783.6   0.0  7.6e-233  783.4   0.0   1.1   1   0   0   1   1   1   1 Periplasmic nitrate reductase
UBA2250_02083        -          napA                 -           6.3e-233  783.6   0.0  7.5e-233  783.4   0.0   1.1   1   0   0   1   1   1   1 Periplasmic nitrate reductase
UBA4490_00111        -          napA                 -             1e-231  779.6   0.0  1.2e-231  779.4   0.0   1.1   1   0   0   1   1   1   1 Periplasmic nitrate reductase
UBA2598_02147        -          napA                 -           6.8e-229  770.3   0.1  8.1e-229  770.1   0.1   1.1   1   0   0   1   1   1   1 Periplasmic nitrate reductase
UBA5597_02707        -          napA                 -           4.6e-227  764.3   0.0  5.6e-227  764.0   0.0   1.1   1   0   0   1   1   1   1 Periplasmic nitrate reductase
UBA716_00760         -          napA                 -             6e-224  754.0   2.0  7.6e-224  753.7   2.0   1.1   1   0   0   1   1   1   1 Periplasmic nitrate reductase
UBA1817_01500        -          napA                 -           1.5e-221  746.1   1.7  1.9e-221  745.8   1.7   1.1   1   0   0   1   1   1   1 Periplasmic nitrate reductase
UBA1824_01111        -          napA                 -           1.4e-220  742.9   1.1  1.9e-220  742.5   1.1   1.2   1   0   0   1   1   1   1 Periplasmic nitrate reductase
UBA3403_01061        -          napA                 -           2.5e-220  742.1   0.6  3.2e-220  741.8   0.6   1.1   1   0   0   1   1   1   1 Periplasmic nitrate reductase
UBA2597_00774        -          napA                 -           1.5e-217  733.0   1.0  1.9e-217  732.6   1.0   1.1   1   0   0   1   1   1   1 Periplasmic nitrate reductase
UBA4057_00586        -          napA                 -           3.4e-217  731.8   0.0  4.1e-217  731.5   0.0   1.1   1   0   0   1   1   1   1 Periplasmic nitrate reductase
UBA6902_00539        -          napA                 -           1.3e-216  729.8   0.1  1.6e-216  729.5   0.1   1.1   1   0   0   1   1   1   1 Periplasmic nitrate reductase
UBA3361_01667        -          napA                 -           2.6e-216  728.8   2.4  3.2e-216  728.6   2.4   1.1   1   0   0   1   1   1   1 Periplasmic nitrate reductase
UBA1713_01223        -          napA                 -           4.7e-216  728.0   1.2  6.1e-216  727.6   1.2   1.1   1   0   0   1   1   1   1 Periplasmic nitrate reductase
UBA3361_02770        -          napA                 -           8.2e-216  727.2   0.1    1e-215  726.9   0.1   1.1   1   0   0   1   1   1   1 Periplasmic nitrate reductase
UBA6919_00632        -          napA                 -           4.2e-215  724.9   0.1    6e-215  724.3   0.1   1.2   1   0   0   1   1   1   1 Periplasmic nitrate reductase
UBA6267_02299        -          napA                 -           5.4e-215  724.5   0.2  7.4e-215  724.0   0.2   1.2   1   0   0   1   1   1   1 Periplasmic nitrate reductase
UBA6742_00836        -          napA                 -           5.8e-215  724.4   0.0  7.2e-215  724.1   0.0   1.0   1   0   0   1   1   1   1 Periplasmic nitrate reductase
UBA6905_01358        -          napA                 -           1.6e-214  722.9   1.0  2.3e-214  722.4   1.0   1.2   1   0   0   1   1   1   1 Periplasmic nitrate reductase
UBA6898_02377        -          napA                 -           3.3e-214  721.9   0.8  4.6e-214  721.4   0.8   1.2   1   0   0   1   1   1   1 Periplasmic nitrate reductase
UBA5601_01599        -          napA                 -             6e-214  721.1   0.8  7.4e-214  720.8   0.8   1.1   1   0   0   1   1   1   1 Periplasmic nitrate reductase
UBA2775_02004        -          napA                 -           1.1e-212  716.9   0.3  1.3e-212  716.6   0.3   1.0   1   0   0   1   1   1   1 Periplasmic nitrate reductase
UBA1553_00855        -          napA                 -           1.5e-212  716.4   0.0    2e-212  716.1   0.0   1.1   1   0   0   1   1   1   1 Periplasmic nitrate reductase
UBA5611_00119        -          napA                 -           2.2e-212  715.9   0.3  2.8e-212  715.6   0.3   1.1   1   0   0   1   1   1   1 Periplasmic nitrate reductase
UBA6158_01698        -          napA                 -           2.8e-212  715.6   0.0  1.2e-211  713.5   0.0   1.8   1   1   0   1   1   1   1 Periplasmic nitrate reductase
UBA6151_02723        -          napA                 -           5.2e-212  714.7   0.0  6.1e-212  714.4   0.0   1.0   1   0   0   1   1   1   1 Periplasmic nitrate reductase
UBA6169_01743        -          napA                 -           5.5e-212  714.6   0.0  6.5e-212  714.4   0.0   1.0   1   0   0   1   1   1   1 Periplasmic nitrate reductase
UBA1314_00389        -          napA                 -           6.8e-212  714.3   0.6  8.3e-212  714.0   0.6   1.1   1   0   0   1   1   1   1 Periplasmic nitrate reductase
UBA1540_00730        -          napA                 -             7e-212  714.2   1.8  8.6e-212  713.9   1.8   1.1   1   0   0   1   1   1   1 Periplasmic nitrate reductase
UBA3133_00908        -          napA                 -             7e-212  714.2   1.8  8.6e-212  713.9   1.8   1.1   1   0   0   1   1   1   1 Periplasmic nitrate reductase
UBA4058_02516        -          napA                 -           1.4e-211  713.3   0.1  1.7e-211  713.0   0.1   1.1   1   0   0   1   1   1   1 Periplasmic nitrate reductase
UBA2217_02051        -          napA                 -           2.8e-211  712.3   0.6  3.5e-211  711.9   0.6   1.1   1   0   0   1   1   1   1 Periplasmic nitrate reductase
UBA4074_00597        -          napA                 -           3.9e-211  711.8   0.0  4.7e-211  711.5   0.0   1.0   1   0   0   1   1   1   1 Periplasmic nitrate reductase
UBA4051_01627        -          napA                 -           5.2e-211  711.4   0.2  6.5e-211  711.0   0.2   1.1   1   0   0   1   1   1   1 Periplasmic nitrate reductase
UBA5727_00494        -          napA                 -           5.2e-211  711.4   0.2  6.5e-211  711.0   0.2   1.1   1   0   0   1   1   1   1 Periplasmic nitrate reductase
UBA7433_00495        -          napA                 -           2.1e-210  709.4   0.0  2.5e-210  709.1   0.0   1.1   1   0   0   1   1   1   1 Periplasmic nitrate reductase
UBA6810_00812        -          napA                 -           3.2e-210  708.8   0.2  4.3e-210  708.3   0.2   1.2   1   0   0   1   1   1   1 Periplasmic nitrate reductase
UBA1642_00960        -          napA                 -           6.3e-210  707.8   0.3  5.4e-122  417.9   0.1   2.1   1   1   1   2   2   2   2 Periplasmic nitrate reductase
UBA942_00476         -          napA                 -           1.1e-209  707.0   0.1  1.4e-209  706.6   0.1   1.1   1   0   0   1   1   1   1 Periplasmic nitrate reductase
UBA6815_00714        -          napA                 -             3e-209  705.6   0.8  3.8e-209  705.2   0.8   1.1   1   0   0   1   1   1   1 Periplasmic nitrate reductase
UBA4779_00533        -          napA                 -           3.1e-209  705.5   0.8  3.8e-209  705.2   0.8   1.1   1   0   0   1   1   1   1 Periplasmic nitrate reductase
UBA6199_01415        -          napA                 -           3.1e-209  705.5   0.8  3.8e-209  705.2   0.8   1.1   1   0   0   1   1   1   1 Periplasmic nitrate reductase
UBA1348_01729        -          napA                 -           4.7e-209  704.9   0.5  6.2e-209  704.5   0.5   1.1   1   0   0   1   1   1   1 Periplasmic nitrate reductase
UBA2431_00935        -          napA                 -           4.7e-209  704.9   0.5  6.2e-209  704.5   0.5   1.1   1   0   0   1   1   1   1 Periplasmic nitrate reductase
UBA2434_00606        -          napA                 -           4.7e-209  704.9   0.5  6.2e-209  704.5   0.5   1.1   1   0   0   1   1   1   1 Periplasmic nitrate reductase
UBA2438_00636        -          napA                 -           4.7e-209  704.9   0.5  6.2e-209  704.5   0.5   1.1   1   0   0   1   1   1   1 Periplasmic nitrate reductase
UBA2443_00055        -          napA                 -           4.7e-209  704.9   0.5  6.2e-209  704.5   0.5   1.1   1   0   0   1   1   1   1 Periplasmic nitrate reductase
UBA4038_01251        -          napA                 -           4.7e-209  704.9   0.5  6.2e-209  704.5   0.5   1.1   1   0   0   1   1   1   1 Periplasmic nitrate reductase
UBA3361_00896        -          napA                 -           4.7e-209  704.9   0.6    6e-209  704.6   0.6   1.1   1   0   0   1   1   1   1 Periplasmic nitrate reductase
UBA1140_01068        -          napA                 -             7e-209  704.3   0.4  8.9e-209  704.0   0.4   1.1   1   0   0   1   1   1   1 Periplasmic nitrate reductase
UBA1340_00706        -          napA                 -           1.9e-208  702.9   0.7  2.7e-208  702.4   0.7   1.2   1   0   0   1   1   1   1 Periplasmic nitrate reductase
UBA1344_00714        -          napA                 -           1.9e-208  702.9   0.7  2.7e-208  702.4   0.7   1.2   1   0   0   1   1   1   1 Periplasmic nitrate reductase
UBA1345_00194        -          napA                 -           1.9e-208  702.9   0.7  2.7e-208  702.4   0.7   1.2   1   0   0   1   1   1   1 Periplasmic nitrate reductase
UBA1350_00135        -          napA                 -           1.9e-208  702.9   0.7  2.7e-208  702.4   0.7   1.2   1   0   0   1   1   1   1 Periplasmic nitrate reductase
UBA2440_00135        -          napA                 -           1.9e-208  702.9   0.7  2.7e-208  702.4   0.7   1.2   1   0   0   1   1   1   1 Periplasmic nitrate reductase
UBA4036_02115        -          napA                 -           1.9e-208  702.9   0.7  2.7e-208  702.4   0.7   1.2   1   0   0   1   1   1   1 Periplasmic nitrate reductase
UBA7394_02118        -          napA                 -           5.9e-208  701.3   1.3  8.1e-208  700.8   1.3   1.2   1   0   0   1   1   1   1 Periplasmic nitrate reductase
UBA2130_01046        -          napA                 -           2.8e-207  699.1   0.1  3.4e-207  698.8   0.1   1.1   1   0   0   1   1   1   1 Periplasmic nitrate reductase
UBA2156_01460        -          napA                 -           2.8e-207  699.1   0.1  3.4e-207  698.8   0.1   1.1   1   0   0   1   1   1   1 Periplasmic nitrate reductase
UBA5681_02484        -          napA                 -           2.8e-207  699.1   0.1  3.4e-207  698.8   0.1   1.1   1   0   0   1   1   1   1 Periplasmic nitrate reductase
UBA2215_00109        -          napA                 -           5.4e-207  698.1   0.7  6.8e-207  697.8   0.7   1.1   1   0   0   1   1   1   1 Periplasmic nitrate reductase
UBA4790_00701        -          napA                 -           5.4e-207  698.1   0.7  6.8e-207  697.8   0.7   1.1   1   0   0   1   1   1   1 Periplasmic nitrate reductase
UBA3322_01480        -          napA                 -           1.7e-206  696.5   0.2  2.2e-206  696.2   0.2   1.1   1   0   0   1   1   1   1 Periplasmic nitrate reductase
UBA7100_01389        -          napA                 -           1.7e-206  696.5   0.2  2.2e-206  696.2   0.2   1.1   1   0   0   1   1   1   1 Periplasmic nitrate reductase
UBA7131_01703        -          napA                 -           1.7e-206  696.5   0.2  2.2e-206  696.2   0.2   1.1   1   0   0   1   1   1   1 Periplasmic nitrate reductase
UBA2674_01289        -          napA                 -           7.9e-203  684.4   0.1  9.5e-203  684.1   0.1   1.1   1   0   0   1   1   1   1 Periplasmic nitrate reductase
UBA3199_02098        -          napA                 -           8.4e-202  681.0   0.0    1e-201  680.7   0.0   1.1   1   0   0   1   1   1   1 Periplasmic nitrate reductase
UBA1836_01741        -          napA                 -           8.9e-202  680.9   0.0  1.1e-201  680.6   0.0   1.0   1   0   0   1   1   1   1 Periplasmic nitrate reductase
UBA3178_03636        -          napA                 -           1.3e-201  680.3   0.0  1.6e-201  680.1   0.0   1.1   1   0   0   1   1   1   1 Periplasmic nitrate reductase
#
# Program:         hmmsearch
# Version:         3.1b2 (February 2015)
# Pipeline mode:   SEARCH
# Query file:      ../hmms/napA.hmm
# Target file:     uba-bac-proteins.faa
# Option settings: hmmsearch --tblout table-napA.out -E 1e-200 ../hmms/napA.hmm uba-bac-proteins.faa 
# Current dir:     /clusterfs/vector/scratch/barnum/UBA-GENOMES
# Date:            Thu Jun 21 16:49:08 2018
# [ok]
